<?xml version="1.0" encoding="UTF-8"?>
<!-- Generated by org.testng.reporters.JUnitReportReporter -->
<testsuite hostname="pc7" failures="0" tests="1" name="SEENIT.Scripts.LoginTest" time="9.106" errors="0" timestamp="13 Jan 2025 13:22:09 GMT" skipped="0">
  <testcase classname="SEENIT.Scripts.LoginTest" name="login" time="9.106"/>
</testsuite> <!-- SEENIT.Scripts.LoginTest -->
