<?xml version="1.0" encoding="UTF-8"?>
<!-- Generated by org.testng.reporters.JUnitReportReporter -->
<testsuite hostname="pc7" failures="0" tests="1" name="SEENIT.Scripts.NewTestOne" time="9.918" errors="0" timestamp="14 Jan 2025 06:20:36 GMT" skipped="0">
  <testcase classname="SEENIT.Scripts.NewTestOne" name="f" time="9.918"/>
</testsuite> <!-- SEENIT.Scripts.NewTestOne -->
