<?xml version="1.0" encoding="UTF-8"?>
<!-- Generated by org.testng.reporters.JUnitReportReporter -->
<testsuite hostname="pc7" failures="0" tests="1" name="SEENIT.Scripts.testLayer.TradeTest" time="294.761" errors="0" timestamp="18 Jan 2025 10:05:56 GMT" skipped="0">
  <testcase classname="SEENIT.Scripts.testLayer.TradeTest" name="login" time="294.761"/>
</testsuite> <!-- SEENIT.Scripts.testLayer.TradeTest -->
