<?xml version="1.0" encoding="UTF-8"?>
<!-- Generated by org.testng.reporters.JUnitReportReporter -->
<testsuite hostname="pc7" failures="0" tests="1" name="SEENIT.Scripts.pageLayer.TradeTest" time="81.343" errors="0" timestamp="30 Jan 2025 05:42:57 GMT" skipped="0">
  <testcase classname="SEENIT.Scripts.pageLayer.TradeTest" name="login" time="81.343"/>
</testsuite> <!-- SEENIT.Scripts.pageLayer.TradeTest -->
